<?xml version="1.0" encoding="UTF-8"?>
<!-- Generated by org.testng.reporters.JUnitReportReporter -->
<testsuite hostname="MacMini.local" name="com.dji.cases.LoginTest" tests="2" failures="0" timestamp="7 Sep 2016 08:26:34 GMT" time="40.402" errors="0">
  <testcase name="loginByStore" time="16.595" classname="com.dji.cases.LoginTest"/>
  <testcase name="loginByButton" time="23.807" classname="com.dji.cases.LoginTest"/>
</testsuite> <!-- com.dji.cases.LoginTest -->
