<?xml version="1.0" encoding="UTF-8"?>
<!-- Generated by org.testng.reporters.JUnitReportReporter -->
<testsuite hostname="Lenovo-PC" name="com.dji.cases.NewTest" tests="1" failures="0" timestamp="20 Aug 2016 16:23:13 GMT" time="0.881" errors="0">
  <testcase name="f" time="0.881" classname="com.dji.cases.NewTest"/>
</testsuite> <!-- com.dji.cases.NewTest -->
